0 info it worked if it ends with ok
1 verbose cli [ '/usr/local/bin/node', '/usr/local/bin/npm', 'run', 'css' ]
2 info using npm@4.1.2
3 info using node@v7.7.2
4 verbose run-script [ 'precss', 'css', 'postcss' ]
5 info lifecycle octoprintstatusmenubar@0.1.0~precss: octoprintstatusmenubar@0.1.0
6 silly lifecycle octoprintstatusmenubar@0.1.0~precss: no script for precss, continuing
7 info lifecycle octoprintstatusmenubar@0.1.0~css: octoprintstatusmenubar@0.1.0
8 verbose lifecycle octoprintstatusmenubar@0.1.0~css: unsafe-perm in lifecycle true
9 verbose lifecycle octoprintstatusmenubar@0.1.0~css: PATH: /usr/local/lib/node_modules/npm/bin/node-gyp-bin:/home/bbales/Projects/OctoPrintStatusMenuBar/node_modules/.bin:/home/bbales/bin:/home/bbales/.local/bin:/usr/local/sbin:/usr/local/bin:/usr/sbin:/usr/bin:/sbin:/bin:/usr/games:/usr/local/games:/snap/bin:/opt/microchip/xc8/v1.40/bin:/opt/microchip/xc32/v1.40/bin:/opt/eagle-7.2.0/bin:/opt/microchip/xc8/v1.40/bin:/opt/microchip/xc32/v1.40/bin
10 verbose lifecycle octoprintstatusmenubar@0.1.0~css: CWD: /home/bbales/Projects/OctoPrintStatusMenuBar
11 silly lifecycle octoprintstatusmenubar@0.1.0~css: Args: [ '-c', 'sass --watch app/scss/main.scss:app/css/main.css' ]
12 info lifecycle octoprintstatusmenubar@0.1.0~css: Failed to exec css script
13 verbose stack Error: octoprintstatusmenubar@0.1.0 css: `sass --watch app/scss/main.scss:app/css/main.css`
13 verbose stack spawn ENOENT
13 verbose stack     at ChildProcess.<anonymous> (/usr/local/lib/node_modules/npm/lib/utils/spawn.js:33:16)
13 verbose stack     at emitTwo (events.js:106:13)
13 verbose stack     at ChildProcess.emit (events.js:194:7)
13 verbose stack     at maybeClose (internal/child_process.js:899:16)
13 verbose stack     at Process.ChildProcess._handle.onexit (internal/child_process.js:226:5)
14 verbose pkgid octoprintstatusmenubar@0.1.0
15 verbose cwd /home/bbales/Projects/OctoPrintStatusMenuBar
16 error Linux 4.4.0-66-generic
17 error argv "/usr/local/bin/node" "/usr/local/bin/npm" "run" "css"
18 error node v7.7.2
19 error npm  v4.1.2
20 error file sh
21 error code ELIFECYCLE
22 error errno ENOENT
23 error syscall spawn
24 error octoprintstatusmenubar@0.1.0 css: `sass --watch app/scss/main.scss:app/css/main.css`
24 error spawn ENOENT
25 error Failed at the octoprintstatusmenubar@0.1.0 css script 'sass --watch app/scss/main.scss:app/css/main.css'.
25 error Make sure you have the latest version of node.js and npm installed.
25 error If you do, this is most likely a problem with the octoprintstatusmenubar package,
25 error not with npm itself.
25 error Tell the author that this fails on your system:
25 error     sass --watch app/scss/main.scss:app/css/main.css
25 error You can get information on how to open an issue for this project with:
25 error     npm bugs octoprintstatusmenubar
25 error Or if that isn't available, you can get their info via:
25 error     npm owner ls octoprintstatusmenubar
25 error There is likely additional logging output above.
26 verbose exit [ 1, true ]
